<?xml version="1.0" encoding="UTF-8"?>
<testsuite name="TestingGitHubReview" tests="1" skipped="0" failures="0" errors="0" timestamp="2021-01-28T05:30:29" hostname="LAPTOP-1KMUQNTL" time="0.492">
  <properties/>
  <testcase name="isEvenShouldReturnFalseForEvenNumber()" classname="TestingGitHubReview" time="0.492"/>
  <system-out><![CDATA[]]></system-out>
  <system-err><![CDATA[]]></system-err>
</testsuite>
