<?xml version="1.0" encoding="UTF-8"?>
<testsuite name="TestingArrayFunctions" tests="1" skipped="0" failures="0" errors="0" timestamp="2021-01-28T01:26:04" hostname="LAPTOP-1KMUQNTL" time="0.352">
  <properties/>
  <testcase name="startsWithShouldReturnFalseForString()" classname="TestingArrayFunctions" time="0.352"/>
  <system-out><![CDATA[]]></system-out>
  <system-err><![CDATA[]]></system-err>
</testsuite>
